#
# There is insufficient memory for the Java Runtime Environment to continue.
# Native memory allocation (mmap) failed to map 264241152 bytes. Error detail: G1 virtual space
# Possible reasons:
#   The system is out of physical RAM or swap space
#   This process is running with CompressedOops enabled, and the Java Heap may be blocking the growth of the native heap
# Possible solutions:
#   Reduce memory load on the system
#   Increase physical memory or swap space
#   Check if swap backing store is full
#   Decrease Java heap size (-Xmx/-Xms)
#   Decrease number of Java threads
#   Decrease Java thread stack sizes (-Xss)
#   Set larger code cache with -XX:ReservedCodeCacheSize=
#   JVM is running with Zero Based Compressed Oops mode in which the Java heap is
#     placed in the first 32GB address space. The Java Heap base address is the
#     maximum limit for the native heap growth. Please use -XX:HeapBaseMinAddress
#     to set the Java Heap base and to place the Java Heap above 32GB virtual address.
# This output file may be truncated or incomplete.
#
#  Out of Memory Error (os_windows.cpp:3825), pid=5064, tid=5256
#
# JRE version:  (17.0.12+1) (build )
# Java VM: OpenJDK 64-Bit Server VM (17.0.12+1-b1087.25, mixed mode, sharing, tiered, compressed oops, compressed class ptrs, g1 gc, windows-amd64)
# No core dump will be written. Minidumps are not enabled by default on client versions of Windows
#

---------------  S U M M A R Y ------------

Command Line: -Dfile.encoding=GBK E:\DevEco Studio\sdk\default\openharmony\toolchains\lib\app_packing_tool.jar --mode hap --force true --lib-path C:\Users\25982\Desktop\harmony-os-music-master\harmony-os-music-master\entry\build\default\intermediates\stripped_native_libs\default --json-path C:\Users\25982\Desktop\harmony-os-music-master\harmony-os-music-master\entry\build\default\intermediates\package\default\module.json --resources-path C:\Users\25982\Desktop\harmony-os-music-master\harmony-os-music-master\entry\build\default\intermediates\res\default\resources --index-path C:\Users\25982\Desktop\harmony-os-music-master\harmony-os-music-master\entry\build\default\intermediates\res\default\resources.index --pack-info-path C:\Users\25982\Desktop\harmony-os-music-master\harmony-os-music-master\entry\build\default\outputs\default\pack.info --out-path C:\Users\25982\Desktop\harmony-os-music-master\harmony-os-music-master\entry\build\default\outputs\default\entry-default-unsigned.hap --ets-path C:\Users\25982\Desktop\harmony-os-music-master\harmony-os-music-master\entry\build\default\intermediates\loader_out\default\ets --pkg-context-path C:\Users\25982\Desktop\harmony-os-music-master\harmony-os-music-master\entry\build\default\intermediates\loader\default\pkgContextInfo.json

Host: 13th Gen Intel(R) Core(TM) i5-13500HX, 20 cores, 15G,  Windows 11 , 64 bit Build 22621 (10.0.22621.3374)
Time: Tue Jun  9 22:27:52 2026  Windows 11 , 64 bit Build 22621 (10.0.22621.3374) elapsed time: 0.008894 seconds (0d 0h 0m 0s)

---------------  T H R E A D  ---------------

Current thread (0x000001e33cd44c10):  JavaThread "Unknown thread" [_thread_in_vm, id=5256, stack(0x00000009c4900000,0x00000009c4a00000)]

Stack: [0x00000009c4900000,0x00000009c4a00000]
Native frames: (J=compiled Java code, j=interpreted, Vv=VM code, C=native code)
V  [jvm.dll+0x688dd9]
V  [jvm.dll+0x842eaa]
V  [jvm.dll+0x844aee]
V  [jvm.dll+0x845153]
V  [jvm.dll+0x24ba3f]
V  [jvm.dll+0x685ba9]
V  [jvm.dll+0x67a45a]
V  [jvm.dll+0x30c60b]
V  [jvm.dll+0x313ab6]
V  [jvm.dll+0x363c6e]
V  [jvm.dll+0x363e9f]
V  [jvm.dll+0x2e2658]
V  [jvm.dll+0x2e3594]
V  [jvm.dll+0x813b31]
V  [jvm.dll+0x3719c1]
V  [jvm.dll+0x7f2626]
V  [jvm.dll+0x3f563f]
V  [jvm.dll+0x3f7191]
C  [jli.dll+0x528f]
C  [ucrtbase.dll+0x29333]
C  [KERNEL32.DLL+0x1257d]
C  [ntdll.dll+0x5aa48]


---------------  P R O C E S S  ---------------

Threads class SMR info:
_java_thread_list=0x00007ffccfc30f58, length=0, elements={
}

Java Threads: ( => current thread )

Other Threads:
  0x000001e33cdae310 GCTaskThread "GC Thread#0" [stack: 0x00000009c4a00000,0x00000009c4b00000] [id=23128]
  0x000001e33cdbeb50 ConcurrentGCThread "G1 Main Marker" [stack: 0x00000009c4b00000,0x00000009c4c00000] [id=29192]
  0x000001e33cdbf320 ConcurrentGCThread "G1 Conc#0" [stack: 0x00000009c4c00000,0x00000009c4d00000] [id=17916]

[error occurred during error reporting (printing all threads), id 0xc0000005, EXCEPTION_ACCESS_VIOLATION (0xc0000005) at pc=0x00007ffccf3e31c7]

VM state: not at safepoint (not fully initialized)

VM Mutex/Monitor currently owned by a thread:  ([mutex/lock_event])
[0x000001e33cd40190] Heap_lock - owner thread: 0x000001e33cd44c10

Heap address: 0x0000000704c00000, size: 4020 MB, Compressed Oops mode: Zero based, Oop shift amount: 3

CDS archive(s) mapped at: [0x0000000000000000-0x0000000000000000-0x0000000000000000), size 0, SharedBaseAddress: 0x0000000800000000, ArchiveRelocationMode: 1.
Narrow klass base: 0x0000000000000000, Narrow klass shift: 0, Narrow klass range: 0x0

GC Precious Log:
<Empty>

Heap:
 garbage-first heap   total 0K, used 0K [0x0000000704c00000, 0x0000000800000000)
  region size 2048K, 0 young (0K), 0 survivors (0K)
 Metaspace       used 0K, committed 0K, reserved 0K
  class space    used 0K, committed 0K, reserved 0K

Heap Regions: E=young(eden), S=young(survivor), O=old, HS=humongous(starts), HC=humongous(continues), CS=collection set, F=free, OA=open archive, CA=closed archive, TAMS=top-at-mark-start (previous, next)

Card table byte_map: [0x000001e351200000,0x000001e3519e0000] _byte_map_base: 0x000001e34d9da000

Marking Bits (Prev, Next): (CMBitMap*) 0x000001e33cdae6e0, (CMBitMap*) 0x000001e33cdae720
 Prev Bits: [0x000001e3521c0000, 0x000001e356090000)
 Next Bits: [0x000001e356090000, 0x000001e359f60000)

GC Heap History (0 events):
No events

Dll operation events (1 events):
Event: 0.006 Loaded shared library E:\DevEco Studio\jbr\bin\java.dll

Deoptimization events (0 events):
No events

Classes unloaded (0 events):
No events

Classes redefined (0 events):
No events

Internal exceptions (0 events):
No events

VM Operations (0 events):
No events

Events (0 events):
No events


Dynamic libraries:
0x00007ff7e4d80000 - 0x00007ff7e4d8a000 	E:\DevEco Studio\jbr\bin\java.exe
0x00007ffd83d10000 - 0x00007ffd83f26000 	C:\windows\SYSTEM32\ntdll.dll
0x00007ffd835a0000 - 0x00007ffd83664000 	C:\windows\System32\KERNEL32.DLL
0x00007ffd81180000 - 0x00007ffd81527000 	C:\windows\System32\KERNELBASE.dll
0x00007ffd81920000 - 0x00007ffd81a31000 	C:\windows\System32\ucrtbase.dll
0x00007ffd3efe0000 - 0x00007ffd3eff7000 	E:\DevEco Studio\jbr\bin\jli.dll
0x00007ffd3f270000 - 0x00007ffd3f28b000 	E:\DevEco Studio\jbr\bin\VCRUNTIME140.dll
0x00007ffd83750000 - 0x00007ffd838fe000 	C:\windows\System32\USER32.dll
0x00007ffd81760000 - 0x00007ffd81786000 	C:\windows\System32\win32u.dll
0x00007ffd66a60000 - 0x00007ffd66cf3000 	C:\windows\WinSxS\amd64_microsoft.windows.common-controls_6595b64144ccf1df_6.0.22621.3235_none_270f74e173860f98\COMCTL32.dll
0x00007ffd83900000 - 0x00007ffd83929000 	C:\windows\System32\GDI32.dll
0x00007ffd81800000 - 0x00007ffd81919000 	C:\windows\System32\gdi32full.dll
0x00007ffd829f0000 - 0x00007ffd82a97000 	C:\windows\System32\msvcrt.dll
0x00007ffd810b0000 - 0x00007ffd8114a000 	C:\windows\System32\msvcp_win.dll
0x00007ffd83350000 - 0x00007ffd83381000 	C:\windows\System32\IMM32.DLL
0x00000000634c0000 - 0x00000000634cd000 	C:\Program Files (x86)\360\360Safe\safemon\SafeWrapper.dll
0x00007ffd83670000 - 0x00007ffd83722000 	C:\windows\System32\ADVAPI32.dll
0x00007ffd83390000 - 0x00007ffd83438000 	C:\windows\System32\sechost.dll
0x00007ffd81150000 - 0x00007ffd81178000 	C:\windows\System32\bcrypt.dll
0x00007ffd82860000 - 0x00007ffd82975000 	C:\windows\System32\RPCRT4.dll
0x00007ffd7b080000 - 0x00007ffd7b184000 	C:\Program Files (x86)\360\360Safe\safemon\libzdtp64.dll
0x00007ffd82af0000 - 0x00007ffd8334c000 	C:\windows\System32\SHELL32.dll
0x00007ffd83930000 - 0x00007ffd8398e000 	C:\windows\System32\SHLWAPI.dll
0x00007ffd7afd0000 - 0x00007ffd7afda000 	C:\windows\SYSTEM32\VERSION.dll
0x00007ffd62500000 - 0x00007ffd6250c000 	E:\DevEco Studio\jbr\bin\vcruntime140_1.dll
0x00007ffd15f50000 - 0x00007ffd15fdd000 	E:\DevEco Studio\jbr\bin\msvcp140.dll
0x00007ffccf0f0000 - 0x00007ffccfd75000 	E:\DevEco Studio\jbr\bin\server\jvm.dll
0x00007ffd7fe90000 - 0x00007ffd7fedd000 	C:\windows\SYSTEM32\POWRPROF.dll
0x00007ffd59c40000 - 0x00007ffd59c49000 	C:\windows\SYSTEM32\WSOCK32.dll
0x00007ffd79ca0000 - 0x00007ffd79cd4000 	C:\windows\SYSTEM32\WINMM.dll
0x00007ffd83990000 - 0x00007ffd83a01000 	C:\windows\System32\WS2_32.dll
0x00007ffd7fe70000 - 0x00007ffd7fe83000 	C:\windows\SYSTEM32\UMPDC.dll
0x00007ffd80120000 - 0x00007ffd80138000 	C:\windows\SYSTEM32\kernel.appcore.dll
0x00007ffd7ad40000 - 0x00007ffd7ad4a000 	E:\DevEco Studio\jbr\bin\jimage.dll
0x00007ffd7ea00000 - 0x00007ffd7ec33000 	C:\windows\SYSTEM32\DBGHELP.DLL
0x00007ffd81be0000 - 0x00007ffd81f68000 	C:\windows\System32\combase.dll
0x00007ffd81a40000 - 0x00007ffd81b17000 	C:\windows\System32\OLEAUT32.dll
0x00007ffd77300000 - 0x00007ffd77332000 	C:\windows\SYSTEM32\dbgcore.DLL
0x00007ffd81030000 - 0x00007ffd810a9000 	C:\windows\System32\bcryptPrimitives.dll
0x00007ffd3d6b0000 - 0x00007ffd3d6d5000 	E:\DevEco Studio\jbr\bin\java.dll

dbghelp: loaded successfully - version: 4.0.5 - missing functions: none
symbol engine: initialized successfully - sym options: 0x614 - pdb path: .;E:\DevEco Studio\jbr\bin;C:\windows\SYSTEM32;C:\windows\WinSxS\amd64_microsoft.windows.common-controls_6595b64144ccf1df_6.0.22621.3235_none_270f74e173860f98;C:\Program Files (x86)\360\360Safe\safemon;E:\DevEco Studio\jbr\bin\server

VM Arguments:
jvm_args: -Dfile.encoding=GBK 
java_command: E:\DevEco Studio\sdk\default\openharmony\toolchains\lib\app_packing_tool.jar --mode hap --force true --lib-path C:\Users\25982\Desktop\harmony-os-music-master\harmony-os-music-master\entry\build\default\intermediates\stripped_native_libs\default --json-path C:\Users\25982\Desktop\harmony-os-music-master\harmony-os-music-master\entry\build\default\intermediates\package\default\module.json --resources-path C:\Users\25982\Desktop\harmony-os-music-master\harmony-os-music-master\entry\build\default\intermediates\res\default\resources --index-path C:\Users\25982\Desktop\harmony-os-music-master\harmony-os-music-master\entry\build\default\intermediates\res\default\resources.index --pack-info-path C:\Users\25982\Desktop\harmony-os-music-master\harmony-os-music-master\entry\build\default\outputs\default\pack.info --out-path C:\Users\25982\Desktop\harmony-os-music-master\harmony-os-music-master\entry\build\default\outputs\default\entry-default-unsigned.hap --ets-path C:\Users\25982\Desktop\harmony-os-music-master\harmony-os-music-master\entry\build\default\intermediates\loader_out\default\ets --pkg-context-path C:\Users\25982\Desktop\harmony-os-music-master\harmony-os-music-master\entry\build\default\intermediates\loader\default\pkgContextInfo.json
java_class_path (initial): E:\DevEco Studio\sdk\default\openharmony\toolchains\lib\app_packing_tool.jar
Launcher Type: SUN_STANDARD

[Global flags]
     intx CICompilerCount                          = 12                                        {product} {ergonomic}
     uint ConcGCThreads                            = 4                                         {product} {ergonomic}
     uint G1ConcRefinementThreads                  = 15                                        {product} {ergonomic}
   size_t G1HeapRegionSize                         = 2097152                                   {product} {ergonomic}
    uintx GCDrainStackTargetSize                   = 64                                        {product} {ergonomic}
   size_t InitialHeapSize                          = 264241152                                 {product} {ergonomic}
   size_t MarkStackSize                            = 4194304                                   {product} {ergonomic}
   size_t MaxHeapSize                              = 4215275520                                {product} {ergonomic}
   size_t MinHeapDeltaBytes                        = 2097152                                   {product} {ergonomic}
   size_t MinHeapSize                              = 8388608                                   {product} {ergonomic}
    uintx NonNMethodCodeHeapSize                   = 7602480                                {pd product} {ergonomic}
    uintx NonProfiledCodeHeapSize                  = 122027880                              {pd product} {ergonomic}
    uintx ProfiledCodeHeapSize                     = 122027880                              {pd product} {ergonomic}
    uintx ReservedCodeCacheSize                    = 251658240                              {pd product} {ergonomic}
     bool SegmentedCodeCache                       = true                                      {product} {ergonomic}
   size_t SoftMaxHeapSize                          = 4215275520                             {manageable} {ergonomic}
     bool UseCompressedClassPointers               = true                           {product lp64_product} {ergonomic}
     bool UseCompressedOops                        = true                           {product lp64_product} {ergonomic}
     bool UseG1GC                                  = true                                      {product} {ergonomic}
     bool UseLargePagesIndividualAllocation        = false                                  {pd product} {ergonomic}

Logging:
Log output configuration:
 #0: stdout all=warning uptime,level,tags
 #1: stderr all=off uptime,level,tags

Environment Variables:
JAVA_HOME=E:\DevEco Studio\jbr
PATH=E:\DevEco Studio\tools\node;E:\DevEco Studio\jbr\bin;D:\VMware\bin\;D:\PyCharm Community Edition 2024.3.3;C:\ProgramData\Oracle\Java\javapath;C:\Program Files (x86)\Razer Chroma SDK\bin;C:\Program Files\Razer Chroma SDK\bin;C:\Program Files (x86)\Razer\ChromaBroadcast\bin;C:\Program Files\Razer\ChromaBroadcast\bin;C:\windows\system32;C:\windows;C:\windows\System32\Wbem;C:\windows\System32\WindowsPowerShell\v1.0\;C:\windows\System32\OpenSSH\;C:\Program Files\NVIDIA Corporation\NVIDIA NvDLISR;C:\Users\Administrator\AppData\Local\Microsoft\WindowsApps;C:\Program Files\HP\OMEN-Broadcast\Common;C:\Users\25982\AppData\Local\Microsoft\WindowsApps;C:\Program Files\dotnet\;C:\Program Files (x86)\Microsoft SQL Server\160\Tools\Binn\;C:\Program Files\Microsoft SQL Server\160\Tools\Binn\;C:\Program Files\Microsoft SQL Server\Client SDK\ODBC\170\Tools\Binn\;C:\Program Files\Microsoft SQL Server\160\DTS\Binn\;C:\windows\system32\config\systemprofile\AppData\Local\Microsoft\WindowsApps;C:\Program Files (x86)\Microsoft SQL Server\100\Tools\Binn\;C:\Program Files (x86)\Microsoft SQL Server\100\DTS\Binn\;C:\Program Files (x86)\Microsoft SQL Server\100\Tools\Binn\VSShell\Common7\IDE\;C:\Program Files\Java\jdk1.8.0_91\bin;C:\Program Files (x86)\NVIDIA Corporation\PhysX\Common;C:\Program Files\nodejs\;C:\TDM-GCC-64\bin;D:\Git\cmd;C:\Program Files\MySQL\MySQL Shell 8.0\bin\;C:\Users\25982\AppData\Local\Programs\Python\Python312\Scripts\;C:\Users\25982\AppData\Local\Programs\Python\Python312\;C:\Users\25982\AppData\Local\Programs\Python\Launcher\;D:\Microsoft VS Code\bin;E:\DevEco Studio\bin;C:\Users\25982\AppData\Roaming\npm;E://UnLockCatch/tools/vcruntime
USERNAME=25982
OS=Windows_NT
PROCESSOR_IDENTIFIER=Intel64 Family 6 Model 191 Stepping 2, GenuineIntel
TMP=C:\Users\25982\AppData\Local\Temp
TEMP=C:\Users\25982\AppData\Local\Temp



Periodic native trim disabled

JNI global refs:
JNI global refs: 0, weak refs: 0

JNI global refs memory usage: 0, weak refs: 0

OOME stack traces (most recent first):
Classloader memory used:


---------------  S Y S T E M  ---------------

OS:
 Windows 11 , 64 bit Build 22621 (10.0.22621.3374)
OS uptime: 0 days 11:57 hours
Hyper-V role detected

CPU: total 20 (initial active 20) (10 cores per cpu, 2 threads per core) family 6 model 191 stepping 2 microcode 0x2c, cx8, cmov, fxsr, ht, mmx, 3dnowpref, sse, sse2, sse3, ssse3, sse4.1, sse4.2, popcnt, lzcnt, tsc, tscinvbit, avx, avx2, aes, erms, clmul, bmi1, bmi2, adx, sha, fma, vzeroupper, clflush, clflushopt, clwb, hv
Processor Information for processor 0
  Max Mhz: 2500, Current Mhz: 2500, Mhz Limit: 2500
Processor Information for processor 1
  Max Mhz: 2500, Current Mhz: 2500, Mhz Limit: 2500
Processor Information for processor 2
  Max Mhz: 2500, Current Mhz: 2500, Mhz Limit: 2500
Processor Information for processor 3
  Max Mhz: 2500, Current Mhz: 2500, Mhz Limit: 2500
Processor Information for processor 4
  Max Mhz: 2500, Current Mhz: 2500, Mhz Limit: 2500
Processor Information for processor 5
  Max Mhz: 2500, Current Mhz: 2500, Mhz Limit: 2500
Processor Information for processor 6
  Max Mhz: 2500, Current Mhz: 2500, Mhz Limit: 2500
Processor Information for processor 7
  Max Mhz: 2500, Current Mhz: 2500, Mhz Limit: 2500
Processor Information for processor 8
  Max Mhz: 2500, Current Mhz: 2500, Mhz Limit: 2500
Processor Information for processor 9
  Max Mhz: 2500, Current Mhz: 2500, Mhz Limit: 2500
Processor Information for processor 10
  Max Mhz: 2500, Current Mhz: 2500, Mhz Limit: 2500
Processor Information for processor 11
  Max Mhz: 2500, Current Mhz: 2500, Mhz Limit: 2500
Processor Information for processor 12
  Max Mhz: 2500, Current Mhz: 1800, Mhz Limit: 1800
Processor Information for processor 13
  Max Mhz: 2500, Current Mhz: 1800, Mhz Limit: 1800
Processor Information for processor 14
  Max Mhz: 2500, Current Mhz: 1800, Mhz Limit: 1800
Processor Information for processor 15
  Max Mhz: 2500, Current Mhz: 1800, Mhz Limit: 1800
Processor Information for processor 16
  Max Mhz: 2500, Current Mhz: 1800, Mhz Limit: 1800
Processor Information for processor 17
  Max Mhz: 2500, Current Mhz: 1800, Mhz Limit: 1800
Processor Information for processor 18
  Max Mhz: 2500, Current Mhz: 1800, Mhz Limit: 1800
Processor Information for processor 19
  Max Mhz: 2500, Current Mhz: 1800, Mhz Limit: 1800

Memory: 4k page, system-wide physical 16077M (472M free)
TotalPageFile size 26992M (AvailPageFile size 103M)
current process WorkingSet (physical memory assigned to process): 13M, peak: 13M
current process commit charge ("private bytes"): 75M, peak: 327M

vm_info: OpenJDK 64-Bit Server VM (17.0.12+1-b1087.25) for windows-amd64 JRE (17.0.12+1-b1087.25), built on 2024-08-30 by "builduser" with MS VC++ 16.10 / 16.11 (VS2019)

END.
